2025-06-13 09:50:09,806 - INFO - 开始连接Oracle数据库...
2025-06-13 09:50:09,885 - INFO - 成功连接到Oracle数据库
2025-06-13 09:50:09,885 - INFO - 开始连接SQL Server...
2025-06-13 09:50:09,922 - INFO - 成功连接到SQL Server
2025-06-13 09:50:09,923 - INFO - 
开始迁移表 T_PM_User...
2025-06-13 09:50:09,923 - INFO - 清空SQL Server中的表 T_PM_User...
2025-06-13 09:50:09,924 - INFO - 已清空SQL Server中的表 T_PM_User
2025-06-13 09:50:09,924 - INFO - 从Oracle查询表 T_PM_User 数据...
2025-06-13 09:52:50,798 - INFO - 从Oracle获取了 5015 条记录
2025-06-13 09:52:50,800 - INFO - 已将数据转换为DataFrame，形状: (5015, 3)
2025-06-13 09:52:50,800 - INFO - 开始批量插入数据，每批 1000 条记录
2025-06-13 09:52:50,951 - INFO - 已插入 1000/5015 条记录
2025-06-13 09:52:51,233 - INFO - 已插入 2000/5015 条记录
2025-06-13 09:52:51,387 - INFO - 已插入 3000/5015 条记录
2025-06-13 09:52:51,516 - INFO - 已插入 4000/5015 条记录
2025-06-13 09:52:51,645 - INFO - 已插入 5000/5015 条记录
2025-06-13 09:52:51,648 - INFO - 已插入 5015/5015 条记录
2025-06-13 09:52:51,648 - INFO - 表 T_PM_User 迁移完成
2025-06-13 09:52:51,648 - INFO - 
开始迁移表 T_ORG_BASEUNIT...
2025-06-13 09:52:51,648 - INFO - 清空SQL Server中的表 T_ORG_BASEUNIT...
2025-06-13 09:52:51,650 - INFO - 已清空SQL Server中的表 T_ORG_BASEUNIT
2025-06-13 09:52:51,650 - INFO - 从Oracle查询表 T_ORG_BASEUNIT 数据...
2025-06-13 09:53:14,937 - INFO - 从Oracle获取了 609 条记录
2025-06-13 09:53:14,938 - INFO - 已将数据转换为DataFrame，形状: (609, 3)
2025-06-13 09:53:14,938 - INFO - 开始批量插入数据，每批 1000 条记录
2025-06-13 09:53:15,030 - INFO - 已插入 609/609 条记录
2025-06-13 09:53:15,030 - INFO - 表 T_ORG_BASEUNIT 迁移完成
2025-06-13 09:53:15,030 - INFO - 
开始迁移表 T_BD_Person...
2025-06-13 09:53:15,030 - INFO - 清空SQL Server中的表 T_BD_Person...
2025-06-13 09:53:15,031 - INFO - 已清空SQL Server中的表 T_BD_Person
2025-06-13 09:53:15,031 - INFO - 从Oracle查询表 T_BD_Person 数据...
2025-06-13 09:54:35,541 - INFO - 从Oracle获取了 11604 条记录
2025-06-13 09:55:47,383 - INFO - 已将数据转换为DataFrame，形状: (11604, 4)
2025-06-13 09:56:49,633 - INFO - 开始批量插入数据，每批 1000 条记录
2025-06-13 09:58:07,524 - INFO - 已插入 1000/11604 条记录
2025-06-13 10:02:58,955 - INFO - Oracle连接已关闭
2025-06-13 10:02:58,959 - INFO - SQL Server连接已关闭
