2025-06-03 10:21:48,146 - INFO - oracletosqlserver - 开始连接Oracle数据库...
2025-06-03 10:21:49,050 - INFO - oracletosqlserver - 成功连接到Oracle数据库
2025-06-03 10:21:49,050 - INFO - oracletosqlserver - 开始连接SQL Server...
2025-06-03 10:21:49,117 - INFO - oracletosqlserver - 成功连接到SQL Server
2025-06-03 10:21:49,118 - INFO - oracletosqlserver - 
开始迁移表 T_PM_User...
2025-06-03 10:21:49,118 - INFO - oracletosqlserver - 清空SQL Server中的表 T_PM_User...
2025-06-03 10:21:49,119 - INFO - oracletosqlserver - 已清空SQL Server中的表 T_PM_User
2025-06-03 10:21:49,119 - INFO - oracletosqlserver - 从Oracle查询表 T_PM_User 数据...
2025-06-03 10:21:49,175 - INFO - oracletosqlserver - 从Oracle获取了 5004 条记录
2025-06-03 10:21:49,177 - INFO - oracletosqlserver - 已将数据转换为DataFrame，形状: (5004, 3)
2025-06-03 10:21:49,177 - INFO - oracletosqlserver - 开始批量插入数据，每批 1000 条记录
2025-06-03 10:21:50,549 - INFO - oracletosqlserver - 已插入 1000/5004 条记录
2025-06-03 10:21:53,003 - INFO - oracletosqlserver - 已插入 2000/5004 条记录
2025-06-03 10:22:02,494 - INFO - oracletosqlserver - 已插入 3000/5004 条记录
2025-06-03 10:22:03,261 - INFO - oracletosqlserver - 已插入 4000/5004 条记录
2025-06-03 10:22:04,576 - INFO - oracletosqlserver - 已插入 5000/5004 条记录
2025-06-03 10:22:11,669 - INFO - oracletosqlserver - 已插入 5004/5004 条记录
2025-06-03 10:22:11,670 - INFO - oracletosqlserver - 表 T_PM_User 迁移完成
2025-06-03 10:22:11,670 - INFO - oracletosqlserver - 
开始迁移表 T_ORG_BASEUNIT...
2025-06-03 10:22:11,670 - INFO - oracletosqlserver - 清空SQL Server中的表 T_ORG_BASEUNIT...
2025-06-03 10:22:11,671 - INFO - oracletosqlserver - 已清空SQL Server中的表 T_ORG_BASEUNIT
2025-06-03 10:22:11,672 - INFO - oracletosqlserver - 从Oracle查询表 T_ORG_BASEUNIT 数据...
2025-06-03 10:22:11,681 - INFO - oracletosqlserver - 从Oracle获取了 609 条记录
2025-06-03 10:22:11,682 - INFO - oracletosqlserver - 已将数据转换为DataFrame，形状: (609, 3)
2025-06-03 10:22:11,682 - INFO - oracletosqlserver - 开始批量插入数据，每批 1000 条记录
2025-06-03 10:22:18,440 - INFO - oracletosqlserver - 已插入 609/609 条记录
2025-06-03 10:22:18,440 - INFO - oracletosqlserver - 表 T_ORG_BASEUNIT 迁移完成
2025-06-03 10:22:18,440 - INFO - oracletosqlserver - 
所有表迁移完成！
2025-06-03 10:22:18,443 - INFO - oracletosqlserver - Oracle连接已关闭
2025-06-03 10:22:18,443 - INFO - oracletosqlserver - SQL Server连接已关闭
