2025-06-11 08:03:00,601 - INFO - 开始连接Oracle数据库...
2025-06-11 08:03:00,894 - INFO - 成功连接到Oracle数据库
2025-06-11 08:03:00,894 - INFO - 开始连接SQL Server...
2025-06-11 08:03:00,996 - INFO - 成功连接到SQL Server
2025-06-11 08:03:00,996 - INFO - 
开始迁移表 T_PM_User...
2025-06-11 08:03:00,996 - INFO - 清空SQL Server中的表 T_PM_User...
2025-06-11 08:03:01,003 - INFO - 已清空SQL Server中的表 T_PM_User
2025-06-11 08:03:01,004 - INFO - 从Oracle查询表 T_PM_User 数据...
2025-06-11 08:03:01,059 - INFO - 从Oracle获取了 5010 条记录
2025-06-11 08:03:01,061 - INFO - 已将数据转换为DataFrame，形状: (5010, 3)
2025-06-11 08:03:01,061 - INFO - 开始批量插入数据，每批 1000 条记录
2025-06-11 08:03:01,204 - INFO - 已插入 1000/5010 条记录
2025-06-11 08:03:01,330 - INFO - 已插入 2000/5010 条记录
2025-06-11 08:03:01,452 - INFO - 已插入 3000/5010 条记录
2025-06-11 08:03:01,581 - INFO - 已插入 4000/5010 条记录
2025-06-11 08:03:01,704 - INFO - 已插入 5000/5010 条记录
2025-06-11 08:03:01,707 - INFO - 已插入 5010/5010 条记录
2025-06-11 08:03:01,707 - INFO - 表 T_PM_User 迁移完成
2025-06-11 08:03:01,707 - INFO - 
开始迁移表 T_ORG_BASEUNIT...
2025-06-11 08:03:01,707 - INFO - 清空SQL Server中的表 T_ORG_BASEUNIT...
2025-06-11 08:03:01,708 - INFO - 已清空SQL Server中的表 T_ORG_BASEUNIT
2025-06-11 08:03:01,708 - INFO - 从Oracle查询表 T_ORG_BASEUNIT 数据...
2025-06-11 08:03:01,715 - INFO - 从Oracle获取了 609 条记录
2025-06-11 08:03:01,716 - INFO - 已将数据转换为DataFrame，形状: (609, 3)
2025-06-11 08:03:01,716 - INFO - 开始批量插入数据，每批 1000 条记录
2025-06-11 08:03:01,828 - INFO - 已插入 609/609 条记录
2025-06-11 08:03:01,828 - INFO - 表 T_ORG_BASEUNIT 迁移完成
2025-06-11 08:03:01,828 - INFO - 
所有表迁移完成！
2025-06-11 08:03:01,831 - INFO - Oracle连接已关闭
2025-06-11 08:03:01,832 - INFO - SQL Server连接已关闭
