2025-06-13 10:13:55,792 - INFO - 开始连接Oracle数据库...
2025-06-13 10:13:55,904 - INFO - 成功连接到Oracle数据库
2025-06-13 10:13:55,905 - INFO - 开始连接SQL Server...
2025-06-13 10:13:55,944 - INFO - 成功连接到SQL Server
2025-06-13 10:13:55,944 - INFO - 
开始迁移表 T_PM_User...
2025-06-13 10:13:55,945 - INFO - 清空SQL Server中的表 T_PM_User...
2025-06-13 10:13:55,948 - INFO - 已清空SQL Server中的表 T_PM_User
2025-06-13 10:13:55,949 - INFO - 从Oracle查询表 T_PM_User 数据...
2025-06-13 10:13:55,999 - INFO - 从Oracle获取了 5015 条记录
2025-06-13 10:13:56,000 - INFO - 已将数据转换为DataFrame，形状: (5015, 3)
2025-06-13 10:13:56,000 - INFO - 开始批量插入数据，每批 1000 条记录
2025-06-13 10:13:56,118 - INFO - 已插入 1000/5015 条记录
2025-06-13 10:13:56,201 - INFO - 已插入 2000/5015 条记录
2025-06-13 10:13:56,271 - INFO - 已插入 3000/5015 条记录
2025-06-13 10:13:56,363 - INFO - 已插入 4000/5015 条记录
2025-06-13 10:13:56,435 - INFO - 已插入 5000/5015 条记录
2025-06-13 10:13:56,437 - INFO - 已插入 5015/5015 条记录
2025-06-13 10:13:56,437 - INFO - 表 T_PM_User 迁移完成
2025-06-13 10:13:56,437 - INFO - 
开始迁移表 T_ORG_BASEUNIT...
2025-06-13 10:13:56,437 - INFO - 清空SQL Server中的表 T_ORG_BASEUNIT...
2025-06-13 10:13:56,439 - INFO - 已清空SQL Server中的表 T_ORG_BASEUNIT
2025-06-13 10:13:56,439 - INFO - 从Oracle查询表 T_ORG_BASEUNIT 数据...
2025-06-13 10:13:56,445 - INFO - 从Oracle获取了 609 条记录
2025-06-13 10:13:56,446 - INFO - 已将数据转换为DataFrame，形状: (609, 3)
2025-06-13 10:13:56,446 - INFO - 开始批量插入数据，每批 1000 条记录
2025-06-13 10:13:56,719 - INFO - 已插入 609/609 条记录
2025-06-13 10:13:56,719 - INFO - 表 T_ORG_BASEUNIT 迁移完成
2025-06-13 10:13:56,719 - INFO - 
开始迁移表 T_BD_Person...
2025-06-13 10:13:56,719 - INFO - 清空SQL Server中的表 T_BD_Person...
2025-06-13 10:13:56,721 - INFO - 已清空SQL Server中的表 T_BD_Person
2025-06-13 10:13:56,721 - INFO - 从Oracle查询表 T_BD_Person 数据...
2025-06-13 10:13:56,857 - INFO - 从Oracle获取了 11604 条记录
2025-06-13 10:13:56,860 - INFO - 已将数据转换为DataFrame，形状: (11604, 4)
2025-06-13 10:13:56,860 - INFO - 开始批量插入数据，每批 1000 条记录
2025-06-13 10:13:56,991 - INFO - 已插入 1000/11604 条记录
2025-06-13 10:13:57,082 - INFO - 已插入 2000/11604 条记录
2025-06-13 10:13:57,174 - INFO - 已插入 3000/11604 条记录
2025-06-13 10:13:57,259 - INFO - 已插入 4000/11604 条记录
2025-06-13 10:13:57,350 - INFO - 已插入 5000/11604 条记录
2025-06-13 10:13:57,451 - INFO - 已插入 6000/11604 条记录
2025-06-13 10:13:57,528 - INFO - 已插入 7000/11604 条记录
2025-06-13 10:13:57,623 - INFO - 已插入 8000/11604 条记录
2025-06-13 10:13:57,723 - INFO - 已插入 9000/11604 条记录
2025-06-13 10:13:57,812 - INFO - 已插入 10000/11604 条记录
2025-06-13 10:13:57,889 - INFO - 已插入 11000/11604 条记录
2025-06-13 10:13:57,928 - INFO - 已插入 11604/11604 条记录
2025-06-13 10:13:57,928 - INFO - 表 T_BD_Person 迁移完成
2025-06-13 10:13:57,928 - INFO - 
所有表迁移完成！
2025-06-13 10:13:57,930 - INFO - Oracle连接已关闭
2025-06-13 10:13:57,930 - INFO - SQL Server连接已关闭
