2025-06-12 09:01:17,299 - INFO - 开始连接Oracle数据库...
2025-06-12 09:01:17,522 - INFO - 成功连接到Oracle数据库
2025-06-12 09:01:17,523 - INFO - 开始连接SQL Server...
2025-06-12 09:01:17,595 - INFO - 成功连接到SQL Server
2025-06-12 09:01:17,596 - INFO - 
开始迁移表 T_PM_User...
2025-06-12 09:01:17,596 - INFO - 清空SQL Server中的表 T_PM_User...
2025-06-12 09:01:17,597 - INFO - 已清空SQL Server中的表 T_PM_User
2025-06-12 09:01:17,597 - INFO - 从Oracle查询表 T_PM_User 数据...
2025-06-12 09:01:17,653 - INFO - 从Oracle获取了 5011 条记录
2025-06-12 09:01:17,655 - INFO - 已将数据转换为DataFrame，形状: (5011, 3)
2025-06-12 09:01:17,655 - INFO - 开始批量插入数据，每批 1000 条记录
2025-06-12 09:01:17,798 - INFO - 已插入 1000/5011 条记录
2025-06-12 09:01:17,943 - INFO - 已插入 2000/5011 条记录
2025-06-12 09:01:18,067 - INFO - 已插入 3000/5011 条记录
2025-06-12 09:01:18,202 - INFO - 已插入 4000/5011 条记录
2025-06-12 09:01:18,342 - INFO - 已插入 5000/5011 条记录
2025-06-12 09:01:18,345 - INFO - 已插入 5011/5011 条记录
2025-06-12 09:01:18,345 - INFO - 表 T_PM_User 迁移完成
2025-06-12 09:01:18,345 - INFO - 
开始迁移表 T_ORG_BASEUNIT...
2025-06-12 09:01:18,345 - INFO - 清空SQL Server中的表 T_ORG_BASEUNIT...
2025-06-12 09:01:18,346 - INFO - 已清空SQL Server中的表 T_ORG_BASEUNIT
2025-06-12 09:01:18,346 - INFO - 从Oracle查询表 T_ORG_BASEUNIT 数据...
2025-06-12 09:01:18,353 - INFO - 从Oracle获取了 609 条记录
2025-06-12 09:01:18,353 - INFO - 已将数据转换为DataFrame，形状: (609, 3)
2025-06-12 09:01:18,353 - INFO - 开始批量插入数据，每批 1000 条记录
2025-06-12 09:01:18,437 - INFO - 已插入 609/609 条记录
2025-06-12 09:01:18,437 - INFO - 表 T_ORG_BASEUNIT 迁移完成
2025-06-12 09:01:18,437 - INFO - 
所有表迁移完成！
2025-06-12 09:01:18,442 - INFO - Oracle连接已关闭
2025-06-12 09:01:18,442 - INFO - SQL Server连接已关闭
