2025-06-09 08:23:57,500 - INFO - 开始连接Oracle数据库...
2025-06-09 08:23:57,731 - INFO - 成功连接到Oracle数据库
2025-06-09 08:23:57,732 - INFO - 开始连接SQL Server...
2025-06-09 08:23:57,806 - INFO - 成功连接到SQL Server
2025-06-09 08:23:57,806 - INFO - 
开始迁移表 T_PM_User...
2025-06-09 08:23:57,807 - INFO - 清空SQL Server中的表 T_PM_User...
2025-06-09 08:23:57,813 - INFO - 已清空SQL Server中的表 T_PM_User
2025-06-09 08:23:57,813 - INFO - 从Oracle查询表 T_PM_User 数据...
2025-06-09 08:23:57,863 - INFO - 从Oracle获取了 5007 条记录
2025-06-09 08:23:57,865 - INFO - 已将数据转换为DataFrame，形状: (5007, 3)
2025-06-09 08:23:57,865 - INFO - 开始批量插入数据，每批 1000 条记录
2025-06-09 08:23:57,971 - INFO - 已插入 1000/5007 条记录
2025-06-09 08:23:58,069 - INFO - 已插入 2000/5007 条记录
2025-06-09 08:23:58,170 - INFO - 已插入 3000/5007 条记录
2025-06-09 08:23:58,277 - INFO - 已插入 4000/5007 条记录
2025-06-09 08:23:58,469 - INFO - 已插入 5000/5007 条记录
2025-06-09 08:23:58,481 - INFO - 已插入 5007/5007 条记录
2025-06-09 08:23:58,481 - INFO - 表 T_PM_User 迁移完成
2025-06-09 08:23:58,481 - INFO - 
开始迁移表 T_ORG_BASEUNIT...
2025-06-09 08:23:58,481 - INFO - 清空SQL Server中的表 T_ORG_BASEUNIT...
2025-06-09 08:23:58,485 - INFO - 已清空SQL Server中的表 T_ORG_BASEUNIT
2025-06-09 08:23:58,485 - INFO - 从Oracle查询表 T_ORG_BASEUNIT 数据...
2025-06-09 08:23:58,493 - INFO - 从Oracle获取了 609 条记录
2025-06-09 08:23:58,494 - INFO - 已将数据转换为DataFrame，形状: (609, 3)
2025-06-09 08:23:58,494 - INFO - 开始批量插入数据，每批 1000 条记录
2025-06-09 08:23:58,655 - INFO - 已插入 609/609 条记录
2025-06-09 08:23:58,655 - INFO - 表 T_ORG_BASEUNIT 迁移完成
2025-06-09 08:23:58,655 - INFO - 
所有表迁移完成！
2025-06-09 08:23:58,669 - INFO - Oracle连接已关闭
2025-06-09 08:23:58,670 - INFO - SQL Server连接已关闭
2025-06-09 08:24:41,226 - INFO - 开始连接Oracle数据库...
2025-06-09 08:24:41,330 - INFO - 成功连接到Oracle数据库
2025-06-09 08:24:41,330 - INFO - 开始连接SQL Server...
2025-06-09 08:24:41,353 - INFO - 成功连接到SQL Server
2025-06-09 08:24:41,353 - INFO - 
开始迁移表 T_PM_User...
2025-06-09 08:24:41,353 - INFO - 清空SQL Server中的表 T_PM_User...
2025-06-09 08:24:41,354 - INFO - 已清空SQL Server中的表 T_PM_User
2025-06-09 08:24:41,354 - INFO - 从Oracle查询表 T_PM_User 数据...
2025-06-09 08:24:41,407 - INFO - 从Oracle获取了 5007 条记录
2025-06-09 08:24:41,408 - INFO - 已将数据转换为DataFrame，形状: (5007, 3)
2025-06-09 08:24:41,408 - INFO - 开始批量插入数据，每批 1000 条记录
2025-06-09 08:24:41,486 - INFO - 已插入 1000/5007 条记录
2025-06-09 08:24:41,609 - INFO - 已插入 2000/5007 条记录
2025-06-09 08:24:41,705 - INFO - 已插入 3000/5007 条记录
2025-06-09 08:24:41,787 - INFO - 已插入 4000/5007 条记录
2025-06-09 08:24:41,873 - INFO - 已插入 5000/5007 条记录
2025-06-09 08:24:41,874 - INFO - 已插入 5007/5007 条记录
2025-06-09 08:24:41,874 - INFO - 表 T_PM_User 迁移完成
2025-06-09 08:24:41,874 - INFO - 
开始迁移表 T_ORG_BASEUNIT...
2025-06-09 08:24:41,874 - INFO - 清空SQL Server中的表 T_ORG_BASEUNIT...
2025-06-09 08:24:41,875 - INFO - 已清空SQL Server中的表 T_ORG_BASEUNIT
2025-06-09 08:24:41,875 - INFO - 从Oracle查询表 T_ORG_BASEUNIT 数据...
2025-06-09 08:24:41,881 - INFO - 从Oracle获取了 609 条记录
2025-06-09 08:24:41,881 - INFO - 已将数据转换为DataFrame，形状: (609, 3)
2025-06-09 08:24:41,881 - INFO - 开始批量插入数据，每批 1000 条记录
2025-06-09 08:24:42,130 - INFO - 已插入 609/609 条记录
2025-06-09 08:24:42,130 - INFO - 表 T_ORG_BASEUNIT 迁移完成
2025-06-09 08:24:42,130 - INFO - 
所有表迁移完成！
2025-06-09 08:24:42,132 - INFO - Oracle连接已关闭
2025-06-09 08:24:42,133 - INFO - SQL Server连接已关闭
2025-06-09 08:25:20,948 - INFO - 开始连接Oracle数据库...
2025-06-09 08:25:21,046 - INFO - 成功连接到Oracle数据库
2025-06-09 08:25:21,046 - INFO - 开始连接SQL Server...
2025-06-09 08:25:21,094 - INFO - 成功连接到SQL Server
2025-06-09 08:25:21,095 - INFO - 
开始迁移表 T_PM_User...
2025-06-09 08:25:21,095 - INFO - 清空SQL Server中的表 T_PM_User...
2025-06-09 08:25:21,097 - INFO - 已清空SQL Server中的表 T_PM_User
2025-06-09 08:25:21,097 - INFO - 从Oracle查询表 T_PM_User 数据...
2025-06-09 08:25:21,147 - INFO - 从Oracle获取了 5007 条记录
2025-06-09 08:25:21,149 - INFO - 已将数据转换为DataFrame，形状: (5007, 3)
2025-06-09 08:25:21,149 - INFO - 开始批量插入数据，每批 1000 条记录
2025-06-09 08:25:21,268 - INFO - 已插入 1000/5007 条记录
2025-06-09 08:25:21,367 - INFO - 已插入 2000/5007 条记录
2025-06-09 08:25:21,478 - INFO - 已插入 3000/5007 条记录
2025-06-09 08:25:21,618 - INFO - 已插入 4000/5007 条记录
2025-06-09 08:25:21,712 - INFO - 已插入 5000/5007 条记录
2025-06-09 08:25:21,716 - INFO - 已插入 5007/5007 条记录
2025-06-09 08:25:21,716 - INFO - 表 T_PM_User 迁移完成
2025-06-09 08:25:21,716 - INFO - 
开始迁移表 T_ORG_BASEUNIT...
2025-06-09 08:25:21,716 - INFO - 清空SQL Server中的表 T_ORG_BASEUNIT...
2025-06-09 08:25:21,718 - INFO - 已清空SQL Server中的表 T_ORG_BASEUNIT
2025-06-09 08:25:21,718 - INFO - 从Oracle查询表 T_ORG_BASEUNIT 数据...
2025-06-09 08:25:21,723 - INFO - 从Oracle获取了 609 条记录
2025-06-09 08:25:21,723 - INFO - 已将数据转换为DataFrame，形状: (609, 3)
2025-06-09 08:25:21,723 - INFO - 开始批量插入数据，每批 1000 条记录
2025-06-09 08:25:21,838 - INFO - 已插入 609/609 条记录
2025-06-09 08:25:21,838 - INFO - 表 T_ORG_BASEUNIT 迁移完成
2025-06-09 08:25:21,838 - INFO - 
所有表迁移完成！
2025-06-09 08:25:21,840 - INFO - Oracle连接已关闭
2025-06-09 08:25:21,840 - INFO - SQL Server连接已关闭
