2025-06-04 09:19:48,987 - INFO - 开始连接Oracle数据库...
2025-06-04 09:19:49,266 - INFO - 成功连接到Oracle数据库
2025-06-04 09:19:49,266 - INFO - 开始连接SQL Server...
2025-06-04 09:19:49,361 - INFO - 成功连接到SQL Server
2025-06-04 09:19:49,361 - INFO - 
开始迁移表 T_PM_User...
2025-06-04 09:19:49,361 - INFO - 清空SQL Server中的表 T_PM_User...
2025-06-04 09:19:49,365 - INFO - 已清空SQL Server中的表 T_PM_User
2025-06-04 09:19:49,365 - INFO - 从Oracle查询表 T_PM_User 数据...
2025-06-04 09:19:49,422 - INFO - 从Oracle获取了 5004 条记录
2025-06-04 09:19:49,424 - INFO - 已将数据转换为DataFrame，形状: (5004, 3)
2025-06-04 09:19:49,424 - INFO - 开始批量插入数据，每批 1000 条记录
2025-06-04 09:19:49,550 - INFO - 已插入 1000/5004 条记录
2025-06-04 09:19:49,629 - INFO - 已插入 2000/5004 条记录
2025-06-04 09:19:49,700 - INFO - 已插入 3000/5004 条记录
2025-06-04 09:19:49,791 - INFO - 已插入 4000/5004 条记录
2025-06-04 09:19:49,893 - INFO - 已插入 5000/5004 条记录
2025-06-04 09:19:49,894 - INFO - 已插入 5004/5004 条记录
2025-06-04 09:19:49,894 - INFO - 表 T_PM_User 迁移完成
2025-06-04 09:19:49,894 - INFO - 
开始迁移表 T_ORG_BASEUNIT...
2025-06-04 09:19:49,894 - INFO - 清空SQL Server中的表 T_ORG_BASEUNIT...
2025-06-04 09:19:49,894 - INFO - 已清空SQL Server中的表 T_ORG_BASEUNIT
2025-06-04 09:19:49,894 - INFO - 从Oracle查询表 T_ORG_BASEUNIT 数据...
2025-06-04 09:19:49,902 - INFO - 从Oracle获取了 609 条记录
2025-06-04 09:19:49,903 - INFO - 已将数据转换为DataFrame，形状: (609, 3)
2025-06-04 09:19:49,903 - INFO - 开始批量插入数据，每批 1000 条记录
2025-06-04 09:19:49,973 - INFO - 已插入 609/609 条记录
2025-06-04 09:19:49,973 - INFO - 表 T_ORG_BASEUNIT 迁移完成
2025-06-04 09:19:49,973 - INFO - 
所有表迁移完成！
2025-06-04 09:19:49,977 - INFO - Oracle连接已关闭
2025-06-04 09:19:49,977 - INFO - SQL Server连接已关闭
2025-06-04 09:21:51,521 - INFO - 开始连接Oracle数据库...
2025-06-04 09:21:51,617 - INFO - 成功连接到Oracle数据库
2025-06-04 09:21:51,617 - INFO - 开始连接SQL Server...
2025-06-04 09:21:51,641 - INFO - 成功连接到SQL Server
2025-06-04 09:21:51,642 - INFO - 
开始迁移表 T_PM_User...
2025-06-04 09:21:51,642 - INFO - 清空SQL Server中的表 T_PM_User...
2025-06-04 09:21:51,642 - INFO - 已清空SQL Server中的表 T_PM_User
2025-06-04 09:21:51,642 - INFO - 从Oracle查询表 T_PM_User 数据...
2025-06-04 09:21:51,691 - INFO - 从Oracle获取了 5004 条记录
2025-06-04 09:21:51,692 - INFO - 已将数据转换为DataFrame，形状: (5004, 3)
2025-06-04 09:21:51,692 - INFO - 开始批量插入数据，每批 1000 条记录
2025-06-04 09:21:51,943 - INFO - 已插入 1000/5004 条记录
2025-06-04 09:21:52,042 - INFO - 已插入 2000/5004 条记录
2025-06-04 09:21:52,145 - INFO - 已插入 3000/5004 条记录
2025-06-04 09:21:52,242 - INFO - 已插入 4000/5004 条记录
2025-06-04 09:21:52,323 - INFO - 已插入 5000/5004 条记录
2025-06-04 09:21:52,325 - INFO - 已插入 5004/5004 条记录
2025-06-04 09:21:52,325 - INFO - 表 T_PM_User 迁移完成
2025-06-04 09:21:52,325 - INFO - 
开始迁移表 T_ORG_BASEUNIT...
2025-06-04 09:21:52,325 - INFO - 清空SQL Server中的表 T_ORG_BASEUNIT...
2025-06-04 09:21:52,326 - INFO - 已清空SQL Server中的表 T_ORG_BASEUNIT
2025-06-04 09:21:52,326 - INFO - 从Oracle查询表 T_ORG_BASEUNIT 数据...
2025-06-04 09:21:52,330 - INFO - 从Oracle获取了 609 条记录
2025-06-04 09:21:52,331 - INFO - 已将数据转换为DataFrame，形状: (609, 3)
2025-06-04 09:21:52,331 - INFO - 开始批量插入数据，每批 1000 条记录
2025-06-04 09:21:52,393 - INFO - 已插入 609/609 条记录
2025-06-04 09:21:52,394 - INFO - 表 T_ORG_BASEUNIT 迁移完成
2025-06-04 09:21:52,394 - INFO - 
所有表迁移完成！
2025-06-04 09:21:52,395 - INFO - Oracle连接已关闭
2025-06-04 09:21:52,395 - INFO - SQL Server连接已关闭
2025-06-04 09:22:40,977 - INFO - 开始连接Oracle数据库...
2025-06-04 09:22:41,073 - INFO - 成功连接到Oracle数据库
2025-06-04 09:22:41,073 - INFO - 开始连接SQL Server...
2025-06-04 09:22:41,094 - INFO - 成功连接到SQL Server
2025-06-04 09:22:41,094 - INFO - 
开始迁移表 T_PM_User...
2025-06-04 09:22:41,094 - INFO - 清空SQL Server中的表 T_PM_User...
2025-06-04 09:22:41,095 - INFO - 已清空SQL Server中的表 T_PM_User
2025-06-04 09:22:41,095 - INFO - 从Oracle查询表 T_PM_User 数据...
2025-06-04 09:22:41,143 - INFO - 从Oracle获取了 5004 条记录
2025-06-04 09:22:41,144 - INFO - 已将数据转换为DataFrame，形状: (5004, 3)
2025-06-04 09:22:41,144 - INFO - 开始批量插入数据，每批 1000 条记录
2025-06-04 09:22:41,226 - INFO - 已插入 1000/5004 条记录
2025-06-04 09:22:41,309 - INFO - 已插入 2000/5004 条记录
2025-06-04 09:22:41,398 - INFO - 已插入 3000/5004 条记录
2025-06-04 09:22:41,507 - INFO - 已插入 4000/5004 条记录
2025-06-04 09:22:41,602 - INFO - 已插入 5000/5004 条记录
2025-06-04 09:22:41,604 - INFO - 已插入 5004/5004 条记录
2025-06-04 09:22:41,604 - INFO - 表 T_PM_User 迁移完成
2025-06-04 09:22:41,604 - INFO - 
开始迁移表 T_ORG_BASEUNIT...
2025-06-04 09:22:41,604 - INFO - 清空SQL Server中的表 T_ORG_BASEUNIT...
2025-06-04 09:22:41,604 - INFO - 已清空SQL Server中的表 T_ORG_BASEUNIT
2025-06-04 09:22:41,604 - INFO - 从Oracle查询表 T_ORG_BASEUNIT 数据...
2025-06-04 09:22:41,609 - INFO - 从Oracle获取了 609 条记录
2025-06-04 09:22:41,610 - INFO - 已将数据转换为DataFrame，形状: (609, 3)
2025-06-04 09:22:41,610 - INFO - 开始批量插入数据，每批 1000 条记录
2025-06-04 09:22:41,661 - INFO - 已插入 609/609 条记录
2025-06-04 09:22:41,661 - INFO - 表 T_ORG_BASEUNIT 迁移完成
2025-06-04 09:22:41,661 - INFO - 
所有表迁移完成！
2025-06-04 09:22:41,663 - INFO - Oracle连接已关闭
2025-06-04 09:22:41,663 - INFO - SQL Server连接已关闭
